<?xml version="1.0" encoding="UTF-8"?>
<!-- Generated by org.testng.reporters.JUnitReportReporter -->
<testsuite skipped="0" hostname="DESKTOP-GNG93I0" name="academy1.HomePage" tests="2" failures="0" timestamp="18 Oct 2019 06:20:28 GMT" time="61.378" errors="0">
  <testcase name="HomePage" time="53.416" classname="academy1.HomePage"/>
  <testcase name="HomePage" time="7.962" classname="academy1.HomePage"/>
</testsuite> <!-- academy1.HomePage -->
